170
2 23 109
2 201 172
2 364 410
2 134 211
2 236 281
2 292 105
2 296 440
2 464 331
2 126 462
2 103 249
2 471 466
2 57 317
2 145 30
2 223 362
2 204 458
2 267 494
2 321 243
2 328 355
2 131 113
2 274 387
2 314 27
2 257 181
2 365 298
2 354 446
2 63 315
2 120 360
2 232 374
2 433 465
2 205 106
2 81 48
2 73 285
2 475 344
2 14 17
2 286 116
2 40 332
2 372 339
2 438 353
2 72 32
2 480 153
2 222 329
2 373 326
2 152 457
2 415 366
2 217 260
2 414 450
2 347 169
2 437 76
2 115 49
2 208 309
2 375 148
2 35 447
2 165 129
2 496 428
2 382 468
2 337 430
2 87 478
2 127 227
2 5 143
2 424 420
2 300 378
2 408 192
2 163 107
3 359 82 242
3 254 311 476
3 493 261 390
3 133 0 252
3 96 226 141
3 349 151 342
3 239 71 335
3 399 154 402
3 384 422 41
3 253 224 245
3 43 67 79
3 142 299 302
3 417 389 231
3 34 265 68
3 229 202 371
3 112 174 102
3 246 407 80
3 150 166 444
3 240 244 84
3 52 445 221
3 184 368 62
3 294 15 136
3 263 65 484
3 278 251 411
3 310 295 401
3 262 449 255
3 132 268 270
3 38 325 233
3 453 318 434
3 138 393 121
3 395 276 327
3 404 60 427
3 316 158 291
3 104 391 20
3 4 164 46
3 156 228 74
3 7 188 91
3 36 250 333
3 474 369 473
3 93 213 301
3 198 59 383
3 456 12 191
3 168 177 287
3 33 241 324
3 307 432 472
3 110 92 9
3 334 385 99
3 499 455 207
3 379 206 388
3 193 117 403
3 297 161 352
3 280 416 467
3 293 235 377
3 19 482 139
3 189 322 3
3 413 98 45
4 443 247 135 319
4 114 54 273 303
4 50 367 6 179
4 448 175 264 130
4 406 419 459 190
4 396 409 100 338
4 185 171 44 350
4 258 405 358 170
4 336 418 376 392
4 160 304 439 477
4 78 341 196 183
4 77 200 159 28
4 234 64 209 491
4 173 400 313 275
4 42 488 225 61
4 1 214 2 123
4 487 259 31 26
4 289 330 176 483
4 486 386 146 122
4 210 22 144 216
4 29 219 212 279
4 481 412 13 461
4 436 182 426 197
4 215 351 490 266
4 469 83 431 111
4 238 18 108 55
4 140 435 470 283
4 85 498 357 125
4 323 312 53 380
4 58 497 47 463
4 454 51 86 398
4 290 370 75 199
4 21 381 119 284
4 37 272 394 162
4 269 194 460 70
4 277 425 101 90
4 452 320 363 218
4 66 348 24 356
4 288 248 442 306
4 97 308 180 195
4 11 421 495 10
4 149 271 451 423
4 128 346 237 118
4 147 187 397 485
4 492 178 429 340
4 16 95 155 56
4 343 361 88 69
4 124 167 256 305
4 230 345 94 157
4 479 39 186 220
4 8 489 203 89
4 25 282 441 137
